[2026-02-03T10:54:52.596+0000] {manager.py:469} INFO - Processing files using up to 2 processes at a time 
[2026-02-03T10:54:52.596+0000] {manager.py:470} INFO - Process each file at most once every 30 seconds
[2026-02-03T10:54:52.596+0000] {manager.py:471} INFO - Checking for new files in /opt/airflow/dags every 300 seconds
[2026-02-03T10:54:52.597+0000] {manager.py:738} INFO - Searching for files in /opt/airflow/dags
[2026-02-03T10:54:52.597+0000] {manager.py:741} INFO - There are 1 files in /opt/airflow/dags
[2026-02-03T10:54:52.643+0000] {manager.py:879} INFO - 
================================================================================
DAG File Processing Stats

File Path                           PID  Runtime      # DAGs    # Errors  Last Runtime    Last Run
--------------------------------  -----  ---------  --------  ----------  --------------  ----------
/opt/airflow/dags/ab_test_dag.py    240  0.02s             0           0
================================================================================
[2026-02-03T10:55:22.751+0000] {manager.py:879} INFO - 
================================================================================
DAG File Processing Stats

File Path                           PID  Runtime      # DAGs    # Errors  Last Runtime    Last Run
--------------------------------  -----  ---------  --------  ----------  --------------  -------------------
/opt/airflow/dags/ab_test_dag.py    357  0.00s             1           0  0.07s           2026-02-03T10:54:52
================================================================================
[2026-02-03T10:55:52.914+0000] {manager.py:879} INFO - 
================================================================================
DAG File Processing Stats

File Path                         PID    Runtime      # DAGs    # Errors  Last Runtime    Last Run
--------------------------------  -----  ---------  --------  ----------  --------------  -------------------
/opt/airflow/dags/ab_test_dag.py                           1           0  0.05s           2026-02-03T10:55:47
================================================================================
[2026-02-03T10:56:23.019+0000] {manager.py:879} INFO - 
================================================================================
DAG File Processing Stats

File Path                         PID    Runtime      # DAGs    # Errors  Last Runtime    Last Run
--------------------------------  -----  ---------  --------  ----------  --------------  -------------------
/opt/airflow/dags/ab_test_dag.py                           1           0  0.12s           2026-02-03T10:56:18
================================================================================
[2026-02-03T10:56:53.219+0000] {manager.py:879} INFO - 
================================================================================
DAG File Processing Stats

File Path                         PID    Runtime      # DAGs    # Errors  Last Runtime    Last Run
--------------------------------  -----  ---------  --------  ----------  --------------  -------------------
/opt/airflow/dags/ab_test_dag.py                           1           0  0.05s           2026-02-03T10:56:48
================================================================================
[2026-02-03T10:57:23.338+0000] {manager.py:879} INFO - 
================================================================================
DAG File Processing Stats

File Path                         PID    Runtime      # DAGs    # Errors  Last Runtime    Last Run
--------------------------------  -----  ---------  --------  ----------  --------------  -------------------
/opt/airflow/dags/ab_test_dag.py                           1           0  0.06s           2026-02-03T10:57:18
================================================================================
[2026-02-03T10:57:53.473+0000] {manager.py:879} INFO - 
================================================================================
DAG File Processing Stats

File Path                         PID    Runtime      # DAGs    # Errors  Last Runtime    Last Run
--------------------------------  -----  ---------  --------  ----------  --------------  -------------------
/opt/airflow/dags/ab_test_dag.py                           1           0  0.07s           2026-02-03T10:57:48
================================================================================
[2026-02-03T10:58:23.589+0000] {manager.py:879} INFO - 
================================================================================
DAG File Processing Stats

File Path                         PID    Runtime      # DAGs    # Errors  Last Runtime    Last Run
--------------------------------  -----  ---------  --------  ----------  --------------  -------------------
/opt/airflow/dags/ab_test_dag.py                           1           0  0.06s           2026-02-03T10:58:18
================================================================================
[2026-02-03T10:58:53.730+0000] {manager.py:879} INFO - 
================================================================================
DAG File Processing Stats

File Path                         PID    Runtime      # DAGs    # Errors  Last Runtime    Last Run
--------------------------------  -----  ---------  --------  ----------  --------------  -------------------
/opt/airflow/dags/ab_test_dag.py                           1           0  0.06s           2026-02-03T10:58:48
================================================================================
[2026-02-03T10:59:23.842+0000] {manager.py:879} INFO - 
================================================================================
DAG File Processing Stats

File Path                         PID    Runtime      # DAGs    # Errors  Last Runtime    Last Run
--------------------------------  -----  ---------  --------  ----------  --------------  -------------------
/opt/airflow/dags/ab_test_dag.py                           1           0  0.05s           2026-02-03T10:59:18
================================================================================
[2026-02-03T10:59:52.962+0000] {manager.py:738} INFO - Searching for files in /opt/airflow/dags
[2026-02-03T10:59:52.963+0000] {manager.py:741} INFO - There are 1 files in /opt/airflow/dags
[2026-02-03T10:59:53.974+0000] {manager.py:879} INFO - 
================================================================================
DAG File Processing Stats

File Path                         PID    Runtime      # DAGs    # Errors  Last Runtime    Last Run
--------------------------------  -----  ---------  --------  ----------  --------------  -------------------
/opt/airflow/dags/ab_test_dag.py                           1           0  0.06s           2026-02-03T10:59:48
================================================================================
[2026-02-03T11:00:24.085+0000] {manager.py:879} INFO - 
================================================================================
DAG File Processing Stats

File Path                         PID    Runtime      # DAGs    # Errors  Last Runtime    Last Run
--------------------------------  -----  ---------  --------  ----------  --------------  -------------------
/opt/airflow/dags/ab_test_dag.py                           1           0  0.05s           2026-02-03T11:00:19
================================================================================
[2026-02-03T11:00:54.213+0000] {manager.py:879} INFO - 
================================================================================
DAG File Processing Stats

File Path                         PID    Runtime      # DAGs    # Errors  Last Runtime    Last Run
--------------------------------  -----  ---------  --------  ----------  --------------  -------------------
/opt/airflow/dags/ab_test_dag.py                           1           0  0.08s           2026-02-03T11:00:49
================================================================================
[2026-02-03T11:01:24.341+0000] {manager.py:879} INFO - 
================================================================================
DAG File Processing Stats

File Path                         PID    Runtime      # DAGs    # Errors  Last Runtime    Last Run
--------------------------------  -----  ---------  --------  ----------  --------------  -------------------
/opt/airflow/dags/ab_test_dag.py                           1           0  0.06s           2026-02-03T11:01:19
================================================================================
[2026-02-03T11:01:54.454+0000] {manager.py:879} INFO - 
================================================================================
DAG File Processing Stats

File Path                         PID    Runtime      # DAGs    # Errors  Last Runtime    Last Run
--------------------------------  -----  ---------  --------  ----------  --------------  -------------------
/opt/airflow/dags/ab_test_dag.py                           1           0  0.07s           2026-02-03T11:01:49
================================================================================
[2026-02-03T11:02:24.619+0000] {manager.py:879} INFO - 
================================================================================
DAG File Processing Stats

File Path                         PID    Runtime      # DAGs    # Errors  Last Runtime    Last Run
--------------------------------  -----  ---------  --------  ----------  --------------  -------------------
/opt/airflow/dags/ab_test_dag.py                           1           0  0.05s           2026-02-03T11:02:08
================================================================================
[2026-02-03T11:02:54.747+0000] {manager.py:879} INFO - 
================================================================================
DAG File Processing Stats

File Path                         PID    Runtime      # DAGs    # Errors  Last Runtime    Last Run
--------------------------------  -----  ---------  --------  ----------  --------------  -------------------
/opt/airflow/dags/ab_test_dag.py                           1           0  0.06s           2026-02-03T11:02:38
================================================================================
[2026-02-03T11:03:24.870+0000] {manager.py:879} INFO - 
================================================================================
DAG File Processing Stats

File Path                         PID    Runtime      # DAGs    # Errors  Last Runtime    Last Run
--------------------------------  -----  ---------  --------  ----------  --------------  -------------------
/opt/airflow/dags/ab_test_dag.py                           1           0  0.05s           2026-02-03T11:03:08
================================================================================
[2026-02-03T11:03:54.984+0000] {manager.py:879} INFO - 
================================================================================
DAG File Processing Stats

File Path                         PID    Runtime      # DAGs    # Errors  Last Runtime    Last Run
--------------------------------  -----  ---------  --------  ----------  --------------  -------------------
/opt/airflow/dags/ab_test_dag.py                           1           0  0.05s           2026-02-03T11:03:38
================================================================================
[2026-02-03T11:04:25.106+0000] {manager.py:879} INFO - 
================================================================================
DAG File Processing Stats

File Path                         PID    Runtime      # DAGs    # Errors  Last Runtime    Last Run
--------------------------------  -----  ---------  --------  ----------  --------------  -------------------
/opt/airflow/dags/ab_test_dag.py                           1           0  0.06s           2026-02-03T11:04:09
================================================================================
